-------------
Duky
Amity
Elena
Lynn
Valentijn
-------------
Paddy|Abrehart
Alina|Adanez
Tawsha|Alberts
Bax|Aldrin
Karoline|Allmann
Garold|Apted
Ivett|Aristide
Waylin|Assel
Hayward|Autrie
Howey|Bantock
Shandra|Beadon
Linea|Beesey
Konstantin|Birds
Ariella|Birt
Husain|Booth
Meir|Brake
Ian|Bretherick
Renee|Brobyn
Linn|Brodley
Piotr|Brydie
Philippa|Canfield
Denis|Caplen
Sorcha|Casewell
Royal|Cass
Deny|Chattock
Jeffry|Christopherson
Larina|Coate
Tally|Cobbald
Aretha|Cosgrive
Wolfy|Courson
Maurise|Crick
Zulema|Cringle
Judith|Crucetti
Robinet|Culross
Woodman|Cumbes
Byrann|Darmody
Mateo|Davioud
Tymothy|Demetr
Livvie|Dible
Woodrow|Dod
Jill|Domenico
Berne|Dougal
Olvan|Ducker
Eward|Eason
Osborne|Easson
Emmery|Edgeley
Audrye|Epperson
Chelsy|Everex
Octavia|Faichnie
Irving|Feveryear
Sarine|Ghion
Marylinda|Girdlestone
Lilyan|Goodbairn
Paddie|Goucher
Raf|Gowrich
Joshua|Greally
Jo-ann|Grieve
Katlin|Griffey
Cinderella|Guilder
Isador|Guitton
Virgilio|Guly
Mariquilla|Gwyllt
Karina|Habert
Margareta|Hammerstone
Barbi|Haston
Kizzie|Hawkin
Law|Hurt
Elga|Iacovielli
Tabor|Illesley
Irvin|Ilyenko
Grenville|Instone
Freddy|Jakeman
Silvain|Jinkin
Flori|Jirasek
Aaren|Joscelyne
Filbert|Josovitz
Hank|Keenan
Tyrone|Kelleher
Cristina|King
Markus|Klesel
Denis|Knight
Ania|Knottley
Cornie|Knowlton
Mohandas|Lage
Richmond|Laste
Tatiana|Leaf
Wittie|Lemon
Emmalynn|Leven
Becky|Lidbetter
Moses|Loveland
Carlos|Lupton
Pierette|Lyston
Basia|Lytlle
Eric|M'cowis
Gradey|Manklow
Nikolaos|Mathys
Vicky|Matitiaho
Fayre|Mayte
Felipa|McCraine
Rad|McLaggan
Luci|McPhelimey
Robena|Micallef
Calv|Naerup
Carena|Nibley
Corbet|Niess
Elli|O'Currigan
Noella|O'Hickee
Inglis|Pedron
Zorina|Pencott
Kahaleel|Pershouse
Beverlee|Phare
Mildrid|Podd
Reuben|Pugsley
Graig|Raden
Clementina|Rany
Oswald|Rathbourne
Alvis|Ratledge
Goober|Reding
Zach|Renner
Walsh|Ricarde
Anthe|Ritter
Heindrick|Robion
Tamarah|Rockhill
Stanwood|Rolfs
Oswell|Ruckert
Jabez|Servante
Justino|Shearmur
Saxon|Simonini
Eveline|Skeermor
Pattie|Skoyles
Duky|Slocket
Lambert|Snelle
Cristi|Spickett
Magdalena|Spires
Thedric|Stagge
Alameda|Stains
Desirae|Steely
Sasha|Stickley
Eal|Swoffer
Ilyse|Symper
Juliann|Taft
Jason|Teanby
Bessy|Tilley
Babbette|Timberlake
Kerstin|Tolefree
Jennica|Totman
Zared|Towers
Rubin|Treppas
Sheffield|Tullis
Krissy|Urrey
Krystle|Varah
Avrom|Veeler
Demetria|Venner
Hans|Waith
Julienne|Wearne
Frankie|Wewell
Gustavo|Wiffen
Gabi|Wilber
Huey|Worner
Vin|Zuanazzi
-------------
Tawsha|Alberts
Regan|Alliban
Karoline|Allmann
Linette|Amis
Wilhelm|Beall
Konstantin|Birds
Zebedee|Bolding
Karalynn|Boniface
Nelie|Boyne
Ruprecht|Bragger
Roddie|Brigden
Claudius|Brood
Kristien|Broschek
Lorianna|Brugh
Nikolai|Burchard
Jens|Burchnall
Lloyd|Camacho
Martie|Cane
Jermaine|Canero
Philippa|Canfield
Forester|Capps
Cornie|Carss
Royal|Cass
Avis|Castenda
Tiler|Catlow
Kaycee|Causey
Keelia|Cawcutt
Erhart|Chalke
Mikaela|Chown
Larina|Coate
Delilah|Cockshot
Karin|Cowling
Maurise|Crick
Johnathon|Curzon
Yves|Danielli
George|Davidwitz
Artemis|Dent
Kendre|Dewan
Sigmund|Dixon
Hadria|Dripps
Caryl|Dunbavin
Justinian|Durrans
Eward|Eason
Hedvig|Edelmann
Hilton|Enstone
Aylmar|Esselin
Dilan|Ewer
Howey|Excell
Winston|Fazackerley
Drugi|Feldmann
Gray|Flores
Lurleen|Fosberry
Wye|Gail
Terencio|Gallego
Jeffy|Gavahan
Tracey|Gellibrand
Trista|Goadbie
Stearn|Goch
Helen-elizabeth|Goff
Franklyn|Gosnold
Hazel|Gotmann
Jo-ann|Grieve
Virgilio|Guly
Flory|Haack
Daria|Hamsher
Dominique|Harses
Alistair|Hartfleet
Trudie|Haucke
Cornie|Haukey
Kizzie|Hawkin
Marlena|Hearnshaw
Caroljean|Hector
Jeremias|Heymes
Elsey|Hollyman
Ferdinande|Huffa
Keefer|Huyhton
Elga|Iacovielli
Goober|Iggalden
Charmain|Ilbert
Field|Inde
Minor|Ivimy
Linet|Jacquemy
Stanton|Jillis
Silvain|Jinkin
Milicent|Joselevitz
Benny|Kelston
Hagan|Kennady
Lyndsay|Kieran
Brita|Kiff
Rinaldo|Kingzeth
Corri|Klement
Carmencita|Kohen
Mohandas|Lage
Janina|Lansdowne
Chiarra|Larkings
Tracey|Leydon
Oren|Liggens
Rozina|Lindblad
Danielle|Lucken
Midge|MacFaell
Brena|MacNockater
Demetris|Makepeace
Katey|Manilove
Sheffie|Marte
Geraldine|Martins
Nikolaos|Mathys
Sunny|McAllister
Felipa|McCraine
Eugene|McGonigle
Evered|McGuiney
Zedekiah|McKeaveney
Sophi|McTrustrie
Robena|Micallef
Jack|Minghella
Karla|Muddimer
Lois|Muggleston
Kim|Murton
Sanford|Nannoni
Corbet|Niess
Teodoro|Noe
Jonah|O' Hogan
Anne-marie|O'Flannery
Noella|O'Hickee
Mercy|Olesen
Inglis|Pedron
Suzanne|Peers
Torin|Perfitt
Kenon|Pochon
Claudette|Poor
Clevie|Preist
Clive|Prickett
Florentia|Priditt
Garald|Proby
Gwendolyn|Ramalhete
Zach|Renner
Hedvige|Reubbens
Jaimie|Revance
Otto|Rickell
Padraic|Rigate
Tamarah|Rockhill
Bayard|Rontree
Clemmie|Safell
Haslett|Sanja
Reid|Scathard
Deeann|Schriren
Bernhard|Shoreman
Saxon|Simonini
Jarib|Skally
Jennica|Slader
Jefferey|Smallman
Marcel|Snalum
Lambert|Snelle
Carmela|Sonley
Martynne|Staynes
Yale|Steggles
Jason|Teanby
Georgianne|Thrasher
Persis|Tiddeman
Jewel|Tidswell
Babbette|Timberlake
Sigfrid|Timpany
Jennica|Totman
Ham|Trill
Talyah|Trubshawe
Aryn|Truckett
Lorelei|Twinterman
Lena|Tyndall
Krissy|Urrey
Lizbeth|Van der Baaren
Randall|Van der Linde
Selig|Vasechkin
Lise|Venner
Nicolle|Vosse
Kathrine|Wanne
Buddie|Wantling
Tracy|Waren
Annora|Wegenen
Crosby|Westoll
Gretel|Wethered
Jozef|Whiff
Edlin|Whitcombe
Chiquia|Whiten
Sylas|Yousef
-------------
Luci|McPhelimey
Kahaleel|Pershouse
Duky|Slocket
Moses|Loveland
Thedric|Stagge
Nikolaos|Mathys
Joshua|Greally
Reuben|Pugsley
Desirae|Steely
Corbet|Niess
Cristi|Spickett
Zorina|Pencott
Tawsha|Alberts
Alameda|Stains
Stanwood|Rolfs
Noella|O'Hickee
Graig|Raden
Lilyan|Goodbairn
Vicky|Matitiaho
Hans|Waith
Rad|McLaggan
Piotr|Brydie
Jill|Domenico
Saxon|Simonini
Felipa|McCraine
Woodrow|Dod
Irving|Feveryear
Cinderella|Guilder
Clementina|Rany
Meir|Brake
Mariquilla|Gwyllt
Krystle|Varah
Audrye|Epperson
Tyrone|Kelleher
Bessy|Tilley
Gustavo|Wiffen
Philippa|Canfield
Irvin|Ilyenko
Barbi|Haston
Woodman|Cumbes
Kizzie|Hawkin
Heindrick|Robion
Garold|Apted
Eveline|Skeermor
Margareta|Hammerstone
Freddy|Jakeman
Robena|Micallef
Vin|Zuanazzi
Ania|Knottley
Jennica|Totman
Gradey|Manklow
Becky|Lidbetter
Octavia|Faichnie
Jo-ann|Grieve
Magdalena|Spires
Tatiana|Leaf
Elli|O'Currigan
Aaren|Joscelyne
Karoline|Allmann
-------------
Josephine
-------------
is.gd
msn.com
amazon.com
dyndns.org
-------------
0
changes: 0   total_changes: 0
14
changes: 0   total_changes: 0
changes: 0   total_changes: 0
0
changes: 0   total_changes: 0
14
changes: 0   total_changes: 0
-------------
18
changes: 0   total_changes: 0
changes: 43   total_changes: 43
18
changes: 43   total_changes: 43
-------------
changes: 28   total_changes: 71
-------------
changes: 1   total_changes: 72
-------------
8
changes: 1   total_changes: 72
18|110|61.5960945529291
changes: 1   total_changes: 72
Duky
Amity
Elena
Lynn
Valentijn
changes: 1   total_changes: 72
